<?xml version="1.0" encoding="UTF-8"?>
<!-- Generated by org.testng.reporters.JUnitXMLReporter -->
<testsuite ignored="0" hostname="LAPTOP-JNGC2UV2" failures="4" tests="5" name="TestDemoMaven_chrome" time="35.288" errors="0" timestamp="20 Aug 2021 11:34:37 GMT">
  <testcase classname="demomaventestcases.TC_loginTest_001" name="loginTest" time="9.869">
    <failure type="java.lang.AssertionError" message="expected [true] but found [false]">
      <![CDATA[java.lang.AssertionError: expected [true] but found [false]
at demomaventestcases.TC_loginTest_001.loginTest(TC_loginTest_001.java:51)
... Removed 29 stack frames]]>
    </failure>
  </testcase> <!-- loginTest -->
  <testcase classname="demomaventestcases.TC_loginTest_DDT_002" name="loginTestDDT" time="8.493"/>
  <testcase classname="demomaventestcases.TC_loginTest_DDT_002" name="loginTestDDT" time="4.559">
    <failure type="java.lang.AssertionError" message="expected [true] but found [false]">
      <![CDATA[java.lang.AssertionError: expected [true] but found [false]
at demomaventestcases.TC_loginTest_DDT_002.loginTestDDT(TC_loginTest_DDT_002.java:40)
... Removed 29 stack frames]]>
    </failure>
  </testcase> <!-- loginTestDDT -->
  <testcase classname="demomaventestcases.TC_loginTest_DDT_002" name="loginTestDDT" time="4.579">
    <failure type="java.lang.AssertionError" message="expected [true] but found [false]">
      <![CDATA[java.lang.AssertionError: expected [true] but found [false]
at demomaventestcases.TC_loginTest_DDT_002.loginTestDDT(TC_loginTest_DDT_002.java:40)
... Removed 29 stack frames]]>
    </failure>
  </testcase> <!-- loginTestDDT -->
  <testcase classname="demomaventestcases.TC_loginTest_DDT_002" name="loginTestDDT" time="4.847">
    <failure type="java.lang.AssertionError" message="expected [true] but found [false]">
      <![CDATA[java.lang.AssertionError: expected [true] but found [false]
at demomaventestcases.TC_loginTest_DDT_002.loginTestDDT(TC_loginTest_DDT_002.java:40)
... Removed 29 stack frames]]>
    </failure>
  </testcase> <!-- loginTestDDT -->
</testsuite> <!-- TestDemoMaven_chrome -->
